Model         : resnetbase
  load_state  : 
Dataset       : MaskDatasetA
  train_len         15120
  test_len           3780
Train_trans   : A_random_trans
Test_trans    : A_just_tensor
Start_Date    : 20210826_031737
Device        : cuda:0
CLASS_NUM     : 18
NUM_WORKERS   : 4
BATCH_SIZE    : 32
NUM_EPOCH     : 100
SAVE_INTERVAL : 3



[TRAIN] Epoch 000 // (avg) Loss : 1.854, Accuracy : 0.456, F1 : 0.235
[TEST ] Epoch 000 // (avg) Loss : 5.005, Accuracy : 0.343, F1 : 0.003
[TRAIN] Epoch 001 // (avg) Loss : 1.596, Accuracy : 0.494, F1 : 0.265
[TEST ] Epoch 001 // (avg) Loss : 2.093, Accuracy : 0.392, F1 : 0.200
[TRAIN] Epoch 002 // (avg) Loss : 1.483, Accuracy : 0.513, F1 : 0.273
[TEST ] Epoch 002 // (avg) Loss : 1.678, Accuracy : 0.467, F1 : 0.161
[TRAIN] Epoch 003 // (avg) Loss : 1.384, Accuracy : 0.528, F1 : 0.275
[TEST ] Epoch 003 // (avg) Loss : 1.355, Accuracy : 0.504, F1 : 0.280
[TRAIN] Epoch 004 // (avg) Loss : 1.309, Accuracy : 0.550, F1 : 0.278
[TEST ] Epoch 004 // (avg) Loss : 1.447, Accuracy : 0.508, F1 : 0.261
[TRAIN] Epoch 005 // (avg) Loss : 1.251, Accuracy : 0.570, F1 : 0.279
[TEST ] Epoch 005 // (avg) Loss : 1.373, Accuracy : 0.480, F1 : 0.225
[TRAIN] Epoch 006 // (avg) Loss : 1.181, Accuracy : 0.583, F1 : 0.281
[TEST ] Epoch 006 // (avg) Loss : 1.360, Accuracy : 0.454, F1 : 0.249
[TRAIN] Epoch 007 // (avg) Loss : 1.148, Accuracy : 0.601, F1 : 0.281
[TEST ] Epoch 007 // (avg) Loss : 1.381, Accuracy : 0.452, F1 : 0.263
[TRAIN] Epoch 008 // (avg) Loss : 1.076, Accuracy : 0.622, F1 : 0.282
[TEST ] Epoch 008 // (avg) Loss : 1.313, Accuracy : 0.519, F1 : 0.271
[TRAIN] Epoch 009 // (avg) Loss : 1.040, Accuracy : 0.630, F1 : 0.282
[TEST ] Epoch 009 // (avg) Loss : 1.290, Accuracy : 0.512, F1 : 0.250
[TRAIN] Epoch 010 // (avg) Loss : 0.991, Accuracy : 0.646, F1 : 0.283
[TEST ] Epoch 010 // (avg) Loss : 1.252, Accuracy : 0.593, F1 : 0.222
[TRAIN] Epoch 011 // (avg) Loss : 0.943, Accuracy : 0.667, F1 : 0.284
[TEST ] Epoch 011 // (avg) Loss : 1.183, Accuracy : 0.650, F1 : 0.275
[TRAIN] Epoch 012 // (avg) Loss : 0.898, Accuracy : 0.683, F1 : 0.284
[TEST ] Epoch 012 // (avg) Loss : 1.237, Accuracy : 0.722, F1 : 0.229
[TRAIN] Epoch 013 // (avg) Loss : 0.861, Accuracy : 0.692, F1 : 0.285
[TEST ] Epoch 013 // (avg) Loss : 1.088, Accuracy : 0.771, F1 : 0.269
[TRAIN] Epoch 014 // (avg) Loss : 0.821, Accuracy : 0.707, F1 : 0.286
[TEST ] Epoch 014 // (avg) Loss : 1.080, Accuracy : 0.710, F1 : 0.279
[TRAIN] Epoch 015 // (avg) Loss : 0.756, Accuracy : 0.732, F1 : 0.286
[TEST ] Epoch 015 // (avg) Loss : 1.043, Accuracy : 0.786, F1 : 0.269
[TRAIN] Epoch 016 // (avg) Loss : 0.731, Accuracy : 0.740, F1 : 0.286
[TEST ] Epoch 016 // (avg) Loss : 1.119, Accuracy : 0.711, F1 : 0.245
[TRAIN] Epoch 017 // (avg) Loss : 0.694, Accuracy : 0.753, F1 : 0.287
[TEST ] Epoch 017 // (avg) Loss : 0.977, Accuracy : 0.779, F1 : 0.275
[TRAIN] Epoch 018 // (avg) Loss : 0.650, Accuracy : 0.770, F1 : 0.287
[TEST ] Epoch 018 // (avg) Loss : 0.929, Accuracy : 0.779, F1 : 0.282
[TRAIN] Epoch 019 // (avg) Loss : 0.603, Accuracy : 0.785, F1 : 0.288
[TEST ] Epoch 019 // (avg) Loss : 0.867, Accuracy : 0.786, F1 : 0.278
[TRAIN] Epoch 020 // (avg) Loss : 0.581, Accuracy : 0.794, F1 : 0.288
[TEST ] Epoch 020 // (avg) Loss : 0.902, Accuracy : 0.763, F1 : 0.268
[TRAIN] Epoch 021 // (avg) Loss : 0.544, Accuracy : 0.806, F1 : 0.288
[TEST ] Epoch 021 // (avg) Loss : 0.850, Accuracy : 0.788, F1 : 0.268
[TRAIN] Epoch 022 // (avg) Loss : 0.503, Accuracy : 0.818, F1 : 0.288
[TEST ] Epoch 022 // (avg) Loss : 0.812, Accuracy : 0.794, F1 : 0.273
[TRAIN] Epoch 023 // (avg) Loss : 0.471, Accuracy : 0.831, F1 : 0.289
[TEST ] Epoch 023 // (avg) Loss : 0.850, Accuracy : 0.789, F1 : 0.272
[TRAIN] Epoch 024 // (avg) Loss : 0.443, Accuracy : 0.840, F1 : 0.289
[TEST ] Epoch 024 // (avg) Loss : 0.776, Accuracy : 0.818, F1 : 0.283
[TRAIN] Epoch 025 // (avg) Loss : 0.414, Accuracy : 0.851, F1 : 0.289
[TEST ] Epoch 025 // (avg) Loss : 0.748, Accuracy : 0.797, F1 : 0.272
[TRAIN] Epoch 026 // (avg) Loss : 0.403, Accuracy : 0.853, F1 : 0.289
[TEST ] Epoch 026 // (avg) Loss : 0.868, Accuracy : 0.758, F1 : 0.252
[TRAIN] Epoch 027 // (avg) Loss : 0.377, Accuracy : 0.864, F1 : 0.289
[TEST ] Epoch 027 // (avg) Loss : 0.799, Accuracy : 0.786, F1 : 0.280
[TRAIN] Epoch 028 // (avg) Loss : 0.371, Accuracy : 0.865, F1 : 0.289
[TEST ] Epoch 028 // (avg) Loss : 0.819, Accuracy : 0.797, F1 : 0.287
[TRAIN] Epoch 029 // (avg) Loss : 0.372, Accuracy : 0.867, F1 : 0.289
[TEST ] Epoch 029 // (avg) Loss : 0.698, Accuracy : 0.843, F1 : 0.298
[TRAIN] Epoch 030 // (avg) Loss : 0.347, Accuracy : 0.870, F1 : 0.289
[TEST ] Epoch 030 // (avg) Loss : 0.769, Accuracy : 0.824, F1 : 0.293
[TRAIN] Epoch 031 // (avg) Loss : 0.342, Accuracy : 0.877, F1 : 0.289
[TEST ] Epoch 031 // (avg) Loss : 0.734, Accuracy : 0.796, F1 : 0.290
[TRAIN] Epoch 032 // (avg) Loss : 0.337, Accuracy : 0.877, F1 : 0.290
[TEST ] Epoch 032 // (avg) Loss : 0.706, Accuracy : 0.805, F1 : 0.291
[TRAIN] Epoch 033 // (avg) Loss : 0.326, Accuracy : 0.882, F1 : 0.289
[TEST ] Epoch 033 // (avg) Loss : 0.844, Accuracy : 0.784, F1 : 0.290
[TRAIN] Epoch 034 // (avg) Loss : 0.306, Accuracy : 0.889, F1 : 0.290
[TEST ] Epoch 034 // (avg) Loss : 0.964, Accuracy : 0.697, F1 : 0.266
[TRAIN] Epoch 035 // (avg) Loss : 0.312, Accuracy : 0.884, F1 : 0.290
[TEST ] Epoch 035 // (avg) Loss : 0.832, Accuracy : 0.785, F1 : 0.282
[TRAIN] Epoch 036 // (avg) Loss : 0.293, Accuracy : 0.891, F1 : 0.290
[TEST ] Epoch 036 // (avg) Loss : 0.680, Accuracy : 0.808, F1 : 0.292
[TRAIN] Epoch 037 // (avg) Loss : 0.283, Accuracy : 0.898, F1 : 0.290
[TEST ] Epoch 037 // (avg) Loss : 0.888, Accuracy : 0.761, F1 : 0.287
[TRAIN] Epoch 038 // (avg) Loss : 0.272, Accuracy : 0.899, F1 : 0.290
[TEST ] Epoch 038 // (avg) Loss : 0.848, Accuracy : 0.734, F1 : 0.285
[TRAIN] Epoch 039 // (avg) Loss : 0.274, Accuracy : 0.901, F1 : 0.290
[TEST ] Epoch 039 // (avg) Loss : 0.934, Accuracy : 0.681, F1 : 0.296
[TRAIN] Epoch 040 // (avg) Loss : 0.263, Accuracy : 0.906, F1 : 0.290
[TEST ] Epoch 040 // (avg) Loss : 0.944, Accuracy : 0.716, F1 : 0.268
[TRAIN] Epoch 041 // (avg) Loss : 0.264, Accuracy : 0.904, F1 : 0.290
[TEST ] Epoch 041 // (avg) Loss : 0.849, Accuracy : 0.760, F1 : 0.277
[TRAIN] Epoch 042 // (avg) Loss : 0.246, Accuracy : 0.911, F1 : 0.290
[TEST ] Epoch 042 // (avg) Loss : 0.821, Accuracy : 0.757, F1 : 0.287
[TRAIN] Epoch 043 // (avg) Loss : 0.254, Accuracy : 0.909, F1 : 0.290
[TEST ] Epoch 043 // (avg) Loss : 0.891, Accuracy : 0.754, F1 : 0.279
[TRAIN] Epoch 044 // (avg) Loss : 0.238, Accuracy : 0.914, F1 : 0.290
[TEST ] Epoch 044 // (avg) Loss : 0.765, Accuracy : 0.765, F1 : 0.295
[TRAIN] Epoch 045 // (avg) Loss : 0.234, Accuracy : 0.915, F1 : 0.290
[TEST ] Epoch 045 // (avg) Loss : 0.986, Accuracy : 0.675, F1 : 0.288
[TRAIN] Epoch 046 // (avg) Loss : 0.236, Accuracy : 0.912, F1 : 0.290
[TEST ] Epoch 046 // (avg) Loss : 0.699, Accuracy : 0.808, F1 : 0.288
[TRAIN] Epoch 047 // (avg) Loss : 0.224, Accuracy : 0.919, F1 : 0.290
[TEST ] Epoch 047 // (avg) Loss : 0.680, Accuracy : 0.823, F1 : 0.287
[TRAIN] Epoch 048 // (avg) Loss : 0.232, Accuracy : 0.914, F1 : 0.290
[TEST ] Epoch 048 // (avg) Loss : 0.672, Accuracy : 0.835, F1 : 0.291
[TRAIN] Epoch 049 // (avg) Loss : 0.208, Accuracy : 0.925, F1 : 0.290
[TEST ] Epoch 049 // (avg) Loss : 0.658, Accuracy : 0.815, F1 : 0.289
[TRAIN] Epoch 050 // (avg) Loss : 0.194, Accuracy : 0.932, F1 : 0.290
[TEST ] Epoch 050 // (avg) Loss : 1.017, Accuracy : 0.630, F1 : 0.270
[TRAIN] Epoch 051 // (avg) Loss : 0.193, Accuracy : 0.930, F1 : 0.290
[TEST ] Epoch 051 // (avg) Loss : 0.727, Accuracy : 0.781, F1 : 0.276
[TRAIN] Epoch 052 // (avg) Loss : 0.185, Accuracy : 0.933, F1 : 0.290
[TEST ] Epoch 052 // (avg) Loss : 0.856, Accuracy : 0.726, F1 : 0.274
[TRAIN] Epoch 053 // (avg) Loss : 0.196, Accuracy : 0.926, F1 : 0.290
[TEST ] Epoch 053 // (avg) Loss : 1.195, Accuracy : 0.596, F1 : 0.276
[TRAIN] Epoch 054 // (avg) Loss : 0.180, Accuracy : 0.935, F1 : 0.291
[TEST ] Epoch 054 // (avg) Loss : 0.638, Accuracy : 0.809, F1 : 0.289
[TRAIN] Epoch 055 // (avg) Loss : 0.181, Accuracy : 0.932, F1 : 0.290
[TEST ] Epoch 055 // (avg) Loss : 0.786, Accuracy : 0.749, F1 : 0.276
[TRAIN] Epoch 056 // (avg) Loss : 0.168, Accuracy : 0.938, F1 : 0.291
[TEST ] Epoch 056 // (avg) Loss : 0.684, Accuracy : 0.828, F1 : 0.288
[TRAIN] Epoch 057 // (avg) Loss : 0.165, Accuracy : 0.941, F1 : 0.290
[TEST ] Epoch 057 // (avg) Loss : 0.661, Accuracy : 0.811, F1 : 0.296
[TRAIN] Epoch 058 // (avg) Loss : 0.179, Accuracy : 0.935, F1 : 0.290
[TEST ] Epoch 058 // (avg) Loss : 0.614, Accuracy : 0.827, F1 : 0.294
[TRAIN] Epoch 059 // (avg) Loss : 0.161, Accuracy : 0.941, F1 : 0.290
[TEST ] Epoch 059 // (avg) Loss : 0.811, Accuracy : 0.767, F1 : 0.288
[TRAIN] Epoch 060 // (avg) Loss : 0.165, Accuracy : 0.941, F1 : 0.290
[TEST ] Epoch 060 // (avg) Loss : 0.857, Accuracy : 0.736, F1 : 0.272
[TRAIN] Epoch 061 // (avg) Loss : 0.151, Accuracy : 0.945, F1 : 0.291
[TEST ] Epoch 061 // (avg) Loss : 0.648, Accuracy : 0.827, F1 : 0.293
[TRAIN] Epoch 062 // (avg) Loss : 0.160, Accuracy : 0.943, F1 : 0.291
[TEST ] Epoch 062 // (avg) Loss : 0.683, Accuracy : 0.816, F1 : 0.292
[TRAIN] Epoch 063 // (avg) Loss : 0.151, Accuracy : 0.947, F1 : 0.291
[TEST ] Epoch 063 // (avg) Loss : 0.702, Accuracy : 0.789, F1 : 0.289
[TRAIN] Epoch 064 // (avg) Loss : 0.140, Accuracy : 0.951, F1 : 0.291
[TEST ] Epoch 064 // (avg) Loss : 1.119, Accuracy : 0.607, F1 : 0.289
[TRAIN] Epoch 065 // (avg) Loss : 0.151, Accuracy : 0.943, F1 : 0.290
[TEST ] Epoch 065 // (avg) Loss : 0.910, Accuracy : 0.723, F1 : 0.282
[TRAIN] Epoch 066 // (avg) Loss : 0.138, Accuracy : 0.949, F1 : 0.291
[TEST ] Epoch 066 // (avg) Loss : 0.731, Accuracy : 0.801, F1 : 0.284
[TRAIN] Epoch 067 // (avg) Loss : 0.135, Accuracy : 0.954, F1 : 0.291
[TEST ] Epoch 067 // (avg) Loss : 0.574, Accuracy : 0.851, F1 : 0.294
[TRAIN] Epoch 068 // (avg) Loss : 0.136, Accuracy : 0.951, F1 : 0.291
[TEST ] Epoch 068 // (avg) Loss : 0.581, Accuracy : 0.835, F1 : 0.290
[TRAIN] Epoch 069 // (avg) Loss : 0.131, Accuracy : 0.952, F1 : 0.290
[TEST ] Epoch 069 // (avg) Loss : 0.852, Accuracy : 0.710, F1 : 0.289
[TRAIN] Epoch 070 // (avg) Loss : 0.131, Accuracy : 0.954, F1 : 0.291
[TEST ] Epoch 070 // (avg) Loss : 0.630, Accuracy : 0.835, F1 : 0.290
[TRAIN] Epoch 071 // (avg) Loss : 0.128, Accuracy : 0.954, F1 : 0.291
[TEST ] Epoch 071 // (avg) Loss : 0.695, Accuracy : 0.798, F1 : 0.290
[TRAIN] Epoch 072 // (avg) Loss : 0.134, Accuracy : 0.951, F1 : 0.291
[TEST ] Epoch 072 // (avg) Loss : 0.719, Accuracy : 0.771, F1 : 0.286
[TRAIN] Epoch 073 // (avg) Loss : 0.125, Accuracy : 0.955, F1 : 0.291
[TEST ] Epoch 073 // (avg) Loss : 0.594, Accuracy : 0.828, F1 : 0.287
[TRAIN] Epoch 074 // (avg) Loss : 0.129, Accuracy : 0.952, F1 : 0.290
[TEST ] Epoch 074 // (avg) Loss : 0.642, Accuracy : 0.808, F1 : 0.291
[TRAIN] Epoch 075 // (avg) Loss : 0.123, Accuracy : 0.955, F1 : 0.291
[TEST ] Epoch 075 // (avg) Loss : 0.858, Accuracy : 0.757, F1 : 0.273
[TRAIN] Epoch 076 // (avg) Loss : 0.130, Accuracy : 0.954, F1 : 0.290
[TEST ] Epoch 076 // (avg) Loss : 0.577, Accuracy : 0.827, F1 : 0.292
[TRAIN] Epoch 077 // (avg) Loss : 0.115, Accuracy : 0.960, F1 : 0.291
[TEST ] Epoch 077 // (avg) Loss : 0.744, Accuracy : 0.748, F1 : 0.297
[TRAIN] Epoch 078 // (avg) Loss : 0.110, Accuracy : 0.963, F1 : 0.291
[TEST ] Epoch 078 // (avg) Loss : 0.713, Accuracy : 0.777, F1 : 0.298
[TRAIN] Epoch 079 // (avg) Loss : 0.106, Accuracy : 0.961, F1 : 0.291
[TEST ] Epoch 079 // (avg) Loss : 0.758, Accuracy : 0.742, F1 : 0.284
[TRAIN] Epoch 080 // (avg) Loss : 0.121, Accuracy : 0.958, F1 : 0.291
[TEST ] Epoch 080 // (avg) Loss : 0.610, Accuracy : 0.824, F1 : 0.294
[TRAIN] Epoch 081 // (avg) Loss : 0.104, Accuracy : 0.963, F1 : 0.291
[TEST ] Epoch 081 // (avg) Loss : 0.691, Accuracy : 0.768, F1 : 0.297
[TRAIN] Epoch 082 // (avg) Loss : 0.109, Accuracy : 0.961, F1 : 0.291
[TEST ] Epoch 082 // (avg) Loss : 0.758, Accuracy : 0.775, F1 : 0.290
[TRAIN] Epoch 083 // (avg) Loss : 0.113, Accuracy : 0.961, F1 : 0.291
[TEST ] Epoch 083 // (avg) Loss : 0.678, Accuracy : 0.821, F1 : 0.293
[TRAIN] Epoch 084 // (avg) Loss : 0.099, Accuracy : 0.966, F1 : 0.291
[TEST ] Epoch 084 // (avg) Loss : 0.730, Accuracy : 0.799, F1 : 0.294
[TRAIN] Epoch 085 // (avg) Loss : 0.103, Accuracy : 0.962, F1 : 0.291
[TEST ] Epoch 085 // (avg) Loss : 0.672, Accuracy : 0.813, F1 : 0.293
[TRAIN] Epoch 086 // (avg) Loss : 0.114, Accuracy : 0.958, F1 : 0.290
[TEST ] Epoch 086 // (avg) Loss : 0.795, Accuracy : 0.762, F1 : 0.295
[TRAIN] Epoch 087 // (avg) Loss : 0.093, Accuracy : 0.966, F1 : 0.291
[TEST ] Epoch 087 // (avg) Loss : 0.631, Accuracy : 0.827, F1 : 0.293
[TRAIN] Epoch 088 // (avg) Loss : 0.108, Accuracy : 0.963, F1 : 0.291
[TEST ] Epoch 088 // (avg) Loss : 0.706, Accuracy : 0.811, F1 : 0.292
[TRAIN] Epoch 089 // (avg) Loss : 0.096, Accuracy : 0.965, F1 : 0.291
[TEST ] Epoch 089 // (avg) Loss : 0.627, Accuracy : 0.835, F1 : 0.294
[TRAIN] Epoch 090 // (avg) Loss : 0.098, Accuracy : 0.966, F1 : 0.291
[TEST ] Epoch 090 // (avg) Loss : 0.560, Accuracy : 0.849, F1 : 0.295
[TRAIN] Epoch 091 // (avg) Loss : 0.093, Accuracy : 0.969, F1 : 0.291
[TEST ] Epoch 091 // (avg) Loss : 0.592, Accuracy : 0.850, F1 : 0.292
[TRAIN] Epoch 092 // (avg) Loss : 0.092, Accuracy : 0.968, F1 : 0.291
[TEST ] Epoch 092 // (avg) Loss : 0.639, Accuracy : 0.824, F1 : 0.282
[TRAIN] Epoch 093 // (avg) Loss : 0.104, Accuracy : 0.963, F1 : 0.291
[TEST ] Epoch 093 // (avg) Loss : 0.998, Accuracy : 0.641, F1 : 0.286
[TRAIN] Epoch 094 // (avg) Loss : 0.113, Accuracy : 0.960, F1 : 0.291
[TEST ] Epoch 094 // (avg) Loss : 0.737, Accuracy : 0.779, F1 : 0.292
[TRAIN] Epoch 095 // (avg) Loss : 0.081, Accuracy : 0.972, F1 : 0.291
[TEST ] Epoch 095 // (avg) Loss : 0.552, Accuracy : 0.857, F1 : 0.292
[TRAIN] Epoch 096 // (avg) Loss : 0.084, Accuracy : 0.969, F1 : 0.291
[TEST ] Epoch 096 // (avg) Loss : 0.770, Accuracy : 0.776, F1 : 0.284
[TRAIN] Epoch 097 // (avg) Loss : 0.085, Accuracy : 0.970, F1 : 0.291
[TEST ] Epoch 097 // (avg) Loss : 0.767, Accuracy : 0.785, F1 : 0.288
[TRAIN] Epoch 098 // (avg) Loss : 0.087, Accuracy : 0.969, F1 : 0.291
[TEST ] Epoch 098 // (avg) Loss : 0.825, Accuracy : 0.763, F1 : 0.286
[TRAIN] Epoch 099 // (avg) Loss : 0.094, Accuracy : 0.966, F1 : 0.291
[TEST ] Epoch 099 // (avg) Loss : 0.669, Accuracy : 0.804, F1 : 0.289



################################################################################
:::학습종료:::
최고 accuracy : 0.8574073910713196, 최저 loss : 0.0, 최고 F1 : 0.29833492636680603
################################################################################

test inference is done!
