################################################################################
  [Comment]
그냥 잘나왔던거 테스트
################################################################################



Model         : resnetbase
  load_state  : 
Dataset       : MaskDataset
  train_len         15120
  test_len           3780
Train_trans   : basic_train_trans
Test_trans    : basic_test_trans
Start_Date    : 20210826_172850
Device        : cuda:0
CLASS_NUM     : 18
NUM_WORKERS   : 4
BATCH_SIZE    : 32
NUM_EPOCH     : 50
SAVE_INTERVAL : 3



test inference is done!

--------------------------------------------------------------------------------

Finish_Date    : 20210826_173123
