################################################################################
  [Comment]
그냥 잘나왔던거 테스트
################################################################################



Model         : resnetbase
  load_state  : 
Dataset       : MaskDataset
  train_len         15120
  test_len           3780
Train_trans   : basic_train_trans
Test_trans    : basic_test_trans
Start_Date    : 20210826_145028
Device        : cuda:0
CLASS_NUM     : 18
NUM_WORKERS   : 4
BATCH_SIZE    : 32
NUM_EPOCH     : 50
SAVE_INTERVAL : 3



[TRAIN] Epoch 000 // (avg) Loss : 1.411, Accuracy : 0.565, F1 : 0.278
[TEST ] Epoch 000 // (avg) Loss : 4.736, Accuracy : 0.349, F1 : 0.015
[TRAIN] Epoch 001 // (avg) Loss : 1.298, Accuracy : 0.567, F1 : 0.279
[TEST ] Epoch 001 // (avg) Loss : 44.037, Accuracy : 0.030, F1 : 0.158
[TRAIN] Epoch 002 // (avg) Loss : 1.282, Accuracy : 0.584, F1 : 0.279
[TEST ] Epoch 002 // (avg) Loss : 1.804, Accuracy : 0.419, F1 : 0.169
[TRAIN] Epoch 003 // (avg) Loss : 1.178, Accuracy : 0.608, F1 : 0.283
[TEST ] Epoch 003 // (avg) Loss : 1.185, Accuracy : 0.465, F1 : 0.216
[TRAIN] Epoch 004 // (avg) Loss : 1.081, Accuracy : 0.632, F1 : 0.284
[TEST ] Epoch 004 // (avg) Loss : 1.346, Accuracy : 0.412, F1 : 0.236
[TRAIN] Epoch 005 // (avg) Loss : 1.001, Accuracy : 0.650, F1 : 0.285
[TEST ] Epoch 005 // (avg) Loss : 3.487, Accuracy : 0.122, F1 : 0.161
[TRAIN] Epoch 006 // (avg) Loss : 0.939, Accuracy : 0.668, F1 : 0.286
[TEST ] Epoch 006 // (avg) Loss : 1.880, Accuracy : 0.394, F1 : 0.138
[TRAIN] Epoch 007 // (avg) Loss : 0.868, Accuracy : 0.689, F1 : 0.287
[TEST ] Epoch 007 // (avg) Loss : 2.085, Accuracy : 0.422, F1 : 0.155
[TRAIN] Epoch 008 // (avg) Loss : 0.828, Accuracy : 0.703, F1 : 0.287
[TEST ] Epoch 008 // (avg) Loss : 2.040, Accuracy : 0.431, F1 : 0.157
[TRAIN] Epoch 009 // (avg) Loss : 0.743, Accuracy : 0.726, F1 : 0.288
[TEST ] Epoch 009 // (avg) Loss : 1.401, Accuracy : 0.617, F1 : 0.256
[TRAIN] Epoch 010 // (avg) Loss : 0.666, Accuracy : 0.756, F1 : 0.289
[TEST ] Epoch 010 // (avg) Loss : 0.829, Accuracy : 0.734, F1 : 0.284
[TRAIN] Epoch 011 // (avg) Loss : 0.584, Accuracy : 0.792, F1 : 0.289
[TEST ] Epoch 011 // (avg) Loss : 0.833, Accuracy : 0.707, F1 : 0.299
[TRAIN] Epoch 012 // (avg) Loss : 0.486, Accuracy : 0.828, F1 : 0.289
[TEST ] Epoch 012 // (avg) Loss : 0.822, Accuracy : 0.718, F1 : 0.282
[TRAIN] Epoch 013 // (avg) Loss : 0.413, Accuracy : 0.852, F1 : 0.290
[TEST ] Epoch 013 // (avg) Loss : 0.701, Accuracy : 0.777, F1 : 0.293
[TRAIN] Epoch 014 // (avg) Loss : 0.319, Accuracy : 0.885, F1 : 0.290
[TEST ] Epoch 014 // (avg) Loss : 0.710, Accuracy : 0.781, F1 : 0.296
[TRAIN] Epoch 015 // (avg) Loss : 0.247, Accuracy : 0.909, F1 : 0.290
[TEST ] Epoch 015 // (avg) Loss : 0.852, Accuracy : 0.770, F1 : 0.296
[TRAIN] Epoch 016 // (avg) Loss : 0.184, Accuracy : 0.936, F1 : 0.290
[TEST ] Epoch 016 // (avg) Loss : 0.815, Accuracy : 0.800, F1 : 0.293
[TRAIN] Epoch 017 // (avg) Loss : 0.142, Accuracy : 0.951, F1 : 0.291
[TEST ] Epoch 017 // (avg) Loss : 0.998, Accuracy : 0.779, F1 : 0.284
[TRAIN] Epoch 018 // (avg) Loss : 0.172, Accuracy : 0.938, F1 : 0.291
[TEST ] Epoch 018 // (avg) Loss : 1.109, Accuracy : 0.751, F1 : 0.296
[TRAIN] Epoch 019 // (avg) Loss : 0.116, Accuracy : 0.961, F1 : 0.291
[TEST ] Epoch 019 // (avg) Loss : 0.876, Accuracy : 0.784, F1 : 0.280
[TRAIN] Epoch 020 // (avg) Loss : 0.085, Accuracy : 0.971, F1 : 0.291
[TEST ] Epoch 020 // (avg) Loss : 1.390, Accuracy : 0.735, F1 : 0.289
[TRAIN] Epoch 021 // (avg) Loss : 0.064, Accuracy : 0.980, F1 : 0.291
[TEST ] Epoch 021 // (avg) Loss : 0.773, Accuracy : 0.823, F1 : 0.290
[TRAIN] Epoch 022 // (avg) Loss : 0.061, Accuracy : 0.981, F1 : 0.291
[TEST ] Epoch 022 // (avg) Loss : 1.034, Accuracy : 0.770, F1 : 0.278
[TRAIN] Epoch 023 // (avg) Loss : 0.067, Accuracy : 0.977, F1 : 0.291
[TEST ] Epoch 023 // (avg) Loss : 0.837, Accuracy : 0.837, F1 : 0.293
[TRAIN] Epoch 024 // (avg) Loss : 0.068, Accuracy : 0.979, F1 : 0.291
[TEST ] Epoch 024 // (avg) Loss : 1.298, Accuracy : 0.763, F1 : 0.272
[TRAIN] Epoch 025 // (avg) Loss : 0.049, Accuracy : 0.983, F1 : 0.291
[TEST ] Epoch 025 // (avg) Loss : 0.891, Accuracy : 0.826, F1 : 0.297
[TRAIN] Epoch 026 // (avg) Loss : 0.058, Accuracy : 0.981, F1 : 0.291
[TEST ] Epoch 026 // (avg) Loss : 1.037, Accuracy : 0.807, F1 : 0.292
[TRAIN] Epoch 027 // (avg) Loss : 0.060, Accuracy : 0.980, F1 : 0.291
[TEST ] Epoch 027 // (avg) Loss : 0.937, Accuracy : 0.820, F1 : 0.291
[TRAIN] Epoch 028 // (avg) Loss : 0.035, Accuracy : 0.988, F1 : 0.292
[TEST ] Epoch 028 // (avg) Loss : 1.170, Accuracy : 0.820, F1 : 0.293
[TRAIN] Epoch 029 // (avg) Loss : 0.035, Accuracy : 0.989, F1 : 0.291
[TEST ] Epoch 029 // (avg) Loss : 1.191, Accuracy : 0.822, F1 : 0.293
[TRAIN] Epoch 030 // (avg) Loss : 0.036, Accuracy : 0.989, F1 : 0.291
[TEST ] Epoch 030 // (avg) Loss : 1.106, Accuracy : 0.804, F1 : 0.287
[TRAIN] Epoch 031 // (avg) Loss : 0.044, Accuracy : 0.985, F1 : 0.291
[TEST ] Epoch 031 // (avg) Loss : 1.047, Accuracy : 0.821, F1 : 0.292
[TRAIN] Epoch 032 // (avg) Loss : 0.024, Accuracy : 0.992, F1 : 0.291
[TEST ] Epoch 032 // (avg) Loss : 1.255, Accuracy : 0.770, F1 : 0.290
[TRAIN] Epoch 033 // (avg) Loss : 0.017, Accuracy : 0.995, F1 : 0.292
[TEST ] Epoch 033 // (avg) Loss : 0.990, Accuracy : 0.819, F1 : 0.289
[TRAIN] Epoch 034 // (avg) Loss : 0.028, Accuracy : 0.991, F1 : 0.292
[TEST ] Epoch 034 // (avg) Loss : 0.943, Accuracy : 0.838, F1 : 0.290
[TRAIN] Epoch 035 // (avg) Loss : 0.043, Accuracy : 0.987, F1 : 0.291
[TEST ] Epoch 035 // (avg) Loss : 0.812, Accuracy : 0.834, F1 : 0.293
[TRAIN] Epoch 036 // (avg) Loss : 0.035, Accuracy : 0.988, F1 : 0.291
[TEST ] Epoch 036 // (avg) Loss : 0.904, Accuracy : 0.848, F1 : 0.293
[TRAIN] Epoch 037 // (avg) Loss : 0.019, Accuracy : 0.994, F1 : 0.291
[TEST ] Epoch 037 // (avg) Loss : 1.181, Accuracy : 0.806, F1 : 0.287
[TRAIN] Epoch 038 // (avg) Loss : 0.025, Accuracy : 0.991, F1 : 0.291
[TEST ] Epoch 038 // (avg) Loss : 1.098, Accuracy : 0.816, F1 : 0.287
[TRAIN] Epoch 039 // (avg) Loss : 0.015, Accuracy : 0.995, F1 : 0.292
[TEST ] Epoch 039 // (avg) Loss : 0.796, Accuracy : 0.856, F1 : 0.294
[TRAIN] Epoch 040 // (avg) Loss : 0.013, Accuracy : 0.996, F1 : 0.292
[TEST ] Epoch 040 // (avg) Loss : 1.184, Accuracy : 0.822, F1 : 0.295
[TRAIN] Epoch 041 // (avg) Loss : 0.023, Accuracy : 0.993, F1 : 0.291
[TEST ] Epoch 041 // (avg) Loss : 1.024, Accuracy : 0.833, F1 : 0.292
[TRAIN] Epoch 042 // (avg) Loss : 0.014, Accuracy : 0.996, F1 : 0.292
[TEST ] Epoch 042 // (avg) Loss : 0.877, Accuracy : 0.843, F1 : 0.293
[TRAIN] Epoch 043 // (avg) Loss : 0.020, Accuracy : 0.994, F1 : 0.292
[TEST ] Epoch 043 // (avg) Loss : 1.445, Accuracy : 0.789, F1 : 0.296
[TRAIN] Epoch 044 // (avg) Loss : 0.047, Accuracy : 0.985, F1 : 0.291
[TEST ] Epoch 044 // (avg) Loss : 1.098, Accuracy : 0.823, F1 : 0.291
[TRAIN] Epoch 045 // (avg) Loss : 0.033, Accuracy : 0.989, F1 : 0.291
[TEST ] Epoch 045 // (avg) Loss : 1.116, Accuracy : 0.776, F1 : 0.289
[TRAIN] Epoch 046 // (avg) Loss : 0.016, Accuracy : 0.994, F1 : 0.292
[TEST ] Epoch 046 // (avg) Loss : 1.098, Accuracy : 0.814, F1 : 0.292
[TRAIN] Epoch 047 // (avg) Loss : 0.009, Accuracy : 0.997, F1 : 0.292
[TEST ] Epoch 047 // (avg) Loss : 1.046, Accuracy : 0.817, F1 : 0.292
[TRAIN] Epoch 048 // (avg) Loss : 0.007, Accuracy : 0.998, F1 : 0.292
[TEST ] Epoch 048 // (avg) Loss : 0.803, Accuracy : 0.854, F1 : 0.295
[TRAIN] Epoch 049 // (avg) Loss : 0.003, Accuracy : 0.999, F1 : 0.292
[TEST ] Epoch 049 // (avg) Loss : 1.099, Accuracy : 0.809, F1 : 0.295



################################################################################
:::학습종료:::
최고 accuracy : 0.8558201193809509, 최저 loss : 0.7008026669186259, 최고 F1 : 0.2988910377025604
################################################################################
test inference is done!

--------------------------------------------------------------------------------

Finish_Date    : 20210826_160546
